c:\users\janga\desktop\b a t l e y e\source\trueaim\x64\release\vc142.pdb
c:\users\janga\desktop\b a t l e y e\source\trueaim\x64\release\util.obj
c:\users\janga\desktop\b a t l e y e\source\trueaim\x64\release\settings.obj
c:\users\janga\desktop\b a t l e y e\source\trueaim\x64\release\offsets.obj
c:\users\janga\desktop\b a t l e y e\source\trueaim\x64\release\menu.obj
c:\users\janga\desktop\b a t l e y e\source\trueaim\x64\release\fortupdaters.obj
c:\users\janga\desktop\b a t l e y e\source\trueaim\x64\release\core.obj
c:\users\janga\desktop\b a t l e y e\source\trueaim\x64\release\config.obj
c:\users\janga\desktop\b a t l e y e\source\trueaim\x64\release\imgui_impl_dx11.obj
c:\users\janga\desktop\b a t l e y e\source\trueaim\x64\release\imgui_draw.obj
c:\users\janga\desktop\b a t l e y e\source\trueaim\x64\release\imgui.obj
c:\users\janga\desktop\b a t l e y e\source\trueaim\x64\release\helper.obj
c:\users\janga\desktop\b a t l e y e\source\trueaim\x64\release\dllmain.obj
c:\users\janga\desktop\b a t l e y e\source\trueaim\x64\release\discord.obj
c:\users\janga\desktop\b a t l e y e\source\trueaim\x64\release\release\trueaim.dll
c:\users\janga\desktop\b a t l e y e\source\trueaim\x64\release\release\trueaim.pdb
c:\users\janga\desktop\b a t l e y e\source\trueaim\x64\release\spoofinternal.obj
c:\users\janga\desktop\b a t l e y e\source\trueaim\x64\release\release\trueaim.lib
c:\users\janga\desktop\b a t l e y e\source\trueaim\x64\release\release\trueaim.exp
c:\users\janga\desktop\b a t l e y e\source\trueaim\x64\release\release\trueaim.ipdb
c:\users\janga\desktop\b a t l e y e\source\trueaim\x64\release\release\trueaim.iobj
c:\users\janga\desktop\b a t l e y e\source\trueaim\x64\release\zeyroxfn.tlog\cl.command.1.tlog
c:\users\janga\desktop\b a t l e y e\source\trueaim\x64\release\zeyroxfn.tlog\cl.read.1.tlog
c:\users\janga\desktop\b a t l e y e\source\trueaim\x64\release\zeyroxfn.tlog\cl.write.1.tlog
c:\users\janga\desktop\b a t l e y e\source\trueaim\x64\release\zeyroxfn.tlog\link.command.1.tlog
c:\users\janga\desktop\b a t l e y e\source\trueaim\x64\release\zeyroxfn.tlog\link.read.1.tlog
c:\users\janga\desktop\b a t l e y e\source\trueaim\x64\release\zeyroxfn.tlog\link.write.1.tlog
c:\users\janga\desktop\b a t l e y e\source\trueaim\x64\release\zeyroxfn.tlog\masm.read.1u.tlog
c:\users\janga\desktop\b a t l e y e\source\trueaim\x64\release\zeyroxfn.tlog\masm.write.1u.tlog
c:\users\janga\desktop\b a t l e y e\source\trueaim\x64\release\zeyroxfn.tlog\zeyroxfn.write.1u.tlog
